{"C:\\Users\\mokshit.TRN\\Desktop\\y52964jr\\SolarHeater-toTrainee\\Solar_Heater\\src\\App.js": {"path":"C:\\Users\\mokshit.TRN\\Desktop\\y52964jr\\SolarHeater-toTrainee\\Solar_Heater\\src\\App.js","statementMap":{"0":{"start":{"line":9,"column":4},"end":{"line":32,"column":6}}},"fnMap":{"0":{"name":"(anonymous_0)","decl":{"start":{"line":8,"column":2},"end":{"line":8,"column":3}},"loc":{"start":{"line":8,"column":11},"end":{"line":33,"column":3}},"line":8}},"branchMap":{},"s":{"0":0},"f":{"0":0},"b":{},"_coverageSchema":"332fd63041d2c1bcb487cc26dd0d5f7d97098a6c","hash":"c24569515e4440d4765a6fc09d5684630c1a2d0a"}
,"C:\\Users\\mokshit.TRN\\Desktop\\y52964jr\\SolarHeater-toTrainee\\Solar_Heater\\src\\index.js": {"path":"C:\\Users\\mokshit.TRN\\Desktop\\y52964jr\\SolarHeater-toTrainee\\Solar_Heater\\src\\index.js","statementMap":{"0":{"start":{"line":1,"column":32},"end":{"line":1,"column":127}},"1":{"start":{"line":1,"column":141},"end":{"line":1,"column":157}},"2":{"start":{"line":1,"column":172},"end":{"line":1,"column":202}},"3":{"start":{"line":2,"column":16},"end":{"line":2,"column":36}},"4":{"start":{"line":2,"column":54},"end":{"line":2,"column":87}},"5":{"start":{"line":3,"column":0},"end":{"line":3,"column":23}},"6":{"start":{"line":4,"column":11},"end":{"line":4,"column":27}},"7":{"start":{"line":4,"column":40},"end":{"line":4,"column":68}},"8":{"start":{"line":5,"column":29},"end":{"line":5,"column":63}},"9":{"start":{"line":5,"column":94},"end":{"line":5,"column":140}},"10":{"start":{"line":6,"column":22},"end":{"line":6,"column":49}},"11":{"start":{"line":7,"column":0},"end":{"line":7,"column":48}},"12":{"start":{"line":8,"column":0},"end":{"line":8,"column":33}},"13":{"start":{"line":9,"column":0},"end":{"line":9,"column":46}},"14":{"start":{"line":9,"column":84},"end":{"line":9,"column":138}},"15":{"start":{"line":12,"column":0},"end":{"line":12,"column":321}},"16":{"start":{"line":14,"column":0},"end":{"line":14,"column":39}}},"fnMap":{"0":{"name":"_interopRequireDefault","decl":{"start":{"line":9,"column":55},"end":{"line":9,"column":77}},"loc":{"start":{"line":9,"column":83},"end":{"line":9,"column":139}},"line":9}},"branchMap":{"0":{"loc":{"start":{"line":9,"column":91},"end":{"line":9,"column":137}},"type":"cond-expr","locations":[{"start":{"line":9,"column":115},"end":{"line":9,"column":118}},{"start":{"line":9,"column":121},"end":{"line":9,"column":137}}],"line":9},"1":{"loc":{"start":{"line":9,"column":91},"end":{"line":9,"column":112}},"type":"binary-expr","locations":[{"start":{"line":9,"column":91},"end":{"line":9,"column":94}},{"start":{"line":9,"column":98},"end":{"line":9,"column":112}}],"line":9}},"s":{"0":0,"1":0,"2":0,"3":0,"4":0,"5":0,"6":0,"7":0,"8":0,"9":0,"10":0,"11":0,"12":0,"13":0,"14":0,"15":0,"16":0},"f":{"0":0},"b":{"0":[0,0],"1":[0,0]}}
,"C:\\Users\\mokshit.TRN\\Desktop\\y52964jr\\SolarHeater-toTrainee\\Solar_Heater\\src\\registerServiceWorker.js": {"path":"C:\\Users\\mokshit.TRN\\Desktop\\y52964jr\\SolarHeater-toTrainee\\Solar_Heater\\src\\registerServiceWorker.js","statementMap":{"0":{"start":{"line":1,"column":13},"end":{"line":1,"column":75}},"1":{"start":{"line":1,"column":75},"end":{"line":21,"column":9}},"2":{"start":{"line":21,"column":9},"end":{"line":111,"column":24}},"3":{"start":{"line":118,"column":20},"end":{"line":120,"column":89}},"4":{"start":{"line":120,"column":111},"end":{"line":128,"column":36}},"5":{"start":{"line":121,"column":22},"end":{"line":121,"column":70}},"6":{"start":{"line":121,"column":71},"end":{"line":124,"column":14}},"7":{"start":{"line":124,"column":6},"end":{"line":124,"column":13}},"8":{"start":{"line":124,"column":14},"end":{"line":128,"column":35}},"9":{"start":{"line":124,"column":67},"end":{"line":124,"column":112}},"10":{"start":{"line":124,"column":113},"end":{"line":128,"column":32}},"11":{"start":{"line":125,"column":8},"end":{"line":125,"column":39}},"12":{"start":{"line":127,"column":8},"end":{"line":127,"column":178}},"13":{"start":{"line":127,"column":50},"end":{"line":127,"column":175}},"14":{"start":{"line":128,"column":8},"end":{"line":128,"column":31}},"15":{"start":{"line":128,"column":70},"end":{"line":135,"column":156}},"16":{"start":{"line":128,"column":132},"end":{"line":135,"column":68}},"17":{"start":{"line":128,"column":193},"end":{"line":128,"column":216}},"18":{"start":{"line":128,"column":217},"end":{"line":135,"column":66}},"19":{"start":{"line":128,"column":257},"end":{"line":135,"column":64}},"20":{"start":{"line":128,"column":302},"end":{"line":135,"column":63}},"21":{"start":{"line":132,"column":12},"end":{"line":132,"column":69}},"22":{"start":{"line":135,"column":12},"end":{"line":135,"column":62}},"23":{"start":{"line":135,"column":87},"end":{"line":135,"column":153}},"24":{"start":{"line":136,"column":2},"end":{"line":139,"column":126}},"25":{"start":{"line":137,"column":4},"end":{"line":139,"column":30}},"26":{"start":{"line":138,"column":6},"end":{"line":138,"column":127}},"27":{"start":{"line":138,"column":58},"end":{"line":138,"column":124}},"28":{"start":{"line":138,"column":96},"end":{"line":138,"column":121}},"29":{"start":{"line":139,"column":6},"end":{"line":139,"column":29}},"30":{"start":{"line":139,"column":46},"end":{"line":139,"column":123}},"31":{"start":{"line":139,"column":150},"end":{"line":139,"column":267}},"32":{"start":{"line":139,"column":185},"end":{"line":139,"column":266}},"33":{"start":{"line":139,"column":237},"end":{"line":139,"column":263}}},"fnMap":{"0":{"name":"register","decl":{"start":{"line":120,"column":99},"end":{"line":120,"column":107}},"loc":{"start":{"line":120,"column":110},"end":{"line":128,"column":37}},"line":120},"1":{"name":"(anonymous_1)","decl":{"start":{"line":124,"column":46},"end":{"line":124,"column":47}},"loc":{"start":{"line":124,"column":52},"end":{"line":128,"column":33}},"line":124},"2":{"name":"(anonymous_2)","decl":{"start":{"line":127,"column":43},"end":{"line":127,"column":44}},"loc":{"start":{"line":127,"column":49},"end":{"line":127,"column":176}},"line":127},"3":{"name":"registerValidSW","decl":{"start":{"line":128,"column":46},"end":{"line":128,"column":61}},"loc":{"start":{"line":128,"column":69},"end":{"line":135,"column":157}},"line":128},"4":{"name":"(anonymous_4)","decl":{"start":{"line":128,"column":115},"end":{"line":128,"column":116}},"loc":{"start":{"line":128,"column":131},"end":{"line":135,"column":69}},"line":128},"5":{"name":"(anonymous_5)","decl":{"start":{"line":128,"column":161},"end":{"line":128,"column":162}},"loc":{"start":{"line":128,"column":167},"end":{"line":135,"column":67}},"line":128},"6":{"name":"(anonymous_6)","decl":{"start":{"line":128,"column":250},"end":{"line":128,"column":251}},"loc":{"start":{"line":128,"column":256},"end":{"line":135,"column":65}},"line":128},"7":{"name":"(anonymous_7)","decl":{"start":{"line":135,"column":77},"end":{"line":135,"column":78}},"loc":{"start":{"line":135,"column":86},"end":{"line":135,"column":154}},"line":135},"8":{"name":"checkValidServiceWorker","decl":{"start":{"line":135,"column":166},"end":{"line":135,"column":189}},"loc":{"start":{"line":135,"column":197},"end":{"line":139,"column":127}},"line":135},"9":{"name":"(anonymous_9)","decl":{"start":{"line":136,"column":20},"end":{"line":136,"column":21}},"loc":{"start":{"line":136,"column":32},"end":{"line":139,"column":31}},"line":136},"10":{"name":"(anonymous_10)","decl":{"start":{"line":138,"column":41},"end":{"line":138,"column":42}},"loc":{"start":{"line":138,"column":57},"end":{"line":138,"column":125}},"line":138},"11":{"name":"(anonymous_11)","decl":{"start":{"line":138,"column":89},"end":{"line":138,"column":90}},"loc":{"start":{"line":138,"column":95},"end":{"line":138,"column":122}},"line":138},"12":{"name":"(anonymous_12)","decl":{"start":{"line":139,"column":39},"end":{"line":139,"column":40}},"loc":{"start":{"line":139,"column":45},"end":{"line":139,"column":124}},"line":139},"13":{"name":"unregister","decl":{"start":{"line":139,"column":136},"end":{"line":139,"column":146}},"loc":{"start":{"line":139,"column":149},"end":{"line":139,"column":268}},"line":139},"14":{"name":"(anonymous_14)","decl":{"start":{"line":139,"column":220},"end":{"line":139,"column":221}},"loc":{"start":{"line":139,"column":236},"end":{"line":139,"column":264}},"line":139}},"branchMap":{"0":{"loc":{"start":{"line":118,"column":28},"end":{"line":120,"column":88}},"type":"binary-expr","locations":[{"start":{"line":118,"column":28},"end":{"line":118,"column":68}},{"start":{"line":119,"column":0},"end":{"line":119,"column":36}},{"start":{"line":120,"column":0},"end":{"line":120,"column":88}}],"line":118},"1":{"loc":{"start":{"line":120,"column":111},"end":{"line":128,"column":36}},"type":"if","locations":[{"start":{"line":120,"column":111},"end":{"line":128,"column":36}},{"start":{"line":120,"column":111},"end":{"line":128,"column":36}}],"line":120},"2":{"loc":{"start":{"line":120,"column":115},"end":{"line":120,"column":184}},"type":"binary-expr","locations":[{"start":{"line":120,"column":115},"end":{"line":120,"column":152}},{"start":{"line":120,"column":156},"end":{"line":120,"column":184}}],"line":120},"3":{"loc":{"start":{"line":121,"column":71},"end":{"line":124,"column":14}},"type":"if","locations":[{"start":{"line":121,"column":71},"end":{"line":124,"column":14}},{"start":{"line":121,"column":71},"end":{"line":124,"column":14}}],"line":121},"4":{"loc":{"start":{"line":124,"column":113},"end":{"line":128,"column":32}},"type":"if","locations":[{"start":{"line":124,"column":113},"end":{"line":128,"column":32}},{"start":{"line":124,"column":113},"end":{"line":128,"column":32}}],"line":124},"5":{"loc":{"start":{"line":128,"column":257},"end":{"line":135,"column":64}},"type":"if","locations":[{"start":{"line":128,"column":257},"end":{"line":135,"column":64}},{"start":{"line":128,"column":257},"end":{"line":135,"column":64}}],"line":128},"6":{"loc":{"start":{"line":128,"column":302},"end":{"line":135,"column":63}},"type":"if","locations":[{"start":{"line":128,"column":302},"end":{"line":135,"column":63}},{"start":{"line":128,"column":302},"end":{"line":135,"column":63}}],"line":128},"7":{"loc":{"start":{"line":137,"column":4},"end":{"line":139,"column":30}},"type":"if","locations":[{"start":{"line":137,"column":4},"end":{"line":139,"column":30}},{"start":{"line":137,"column":4},"end":{"line":139,"column":30}}],"line":137},"8":{"loc":{"start":{"line":137,"column":8},"end":{"line":137,"column":100}},"type":"binary-expr","locations":[{"start":{"line":137,"column":8},"end":{"line":137,"column":31}},{"start":{"line":137,"column":35},"end":{"line":137,"column":100}}],"line":137},"9":{"loc":{"start":{"line":139,"column":150},"end":{"line":139,"column":267}},"type":"if","locations":[{"start":{"line":139,"column":150},"end":{"line":139,"column":267}},{"start":{"line":139,"column":150},"end":{"line":139,"column":267}}],"line":139}},"s":{"0":0,"1":0,"2":0,"3":0,"4":0,"5":0,"6":0,"7":0,"8":0,"9":0,"10":0,"11":0,"12":0,"13":0,"14":0,"15":0,"16":0,"17":0,"18":0,"19":0,"20":0,"21":0,"22":0,"23":0,"24":0,"25":0,"26":0,"27":0,"28":0,"29":0,"30":0,"31":0,"32":0,"33":0},"f":{"0":0,"1":0,"2":0,"3":0,"4":0,"5":0,"6":0,"7":0,"8":0,"9":0,"10":0,"11":0,"12":0,"13":0,"14":0},"b":{"0":[0,0,0],"1":[0,0],"2":[0,0],"3":[0,0],"4":[0,0],"5":[0,0],"6":[0,0],"7":[0,0],"8":[0,0],"9":[0,0]}}
,"C:\\Users\\mokshit.TRN\\Desktop\\y52964jr\\SolarHeater-toTrainee\\Solar_Heater\\src\\setupTests.js": {"path":"C:\\Users\\mokshit.TRN\\Desktop\\y52964jr\\SolarHeater-toTrainee\\Solar_Heater\\src\\setupTests.js","statementMap":{"0":{"start":{"line":4,"column":0},"end":{"line":4,"column":38}}},"fnMap":{},"branchMap":{},"s":{"0":1},"f":{},"b":{},"_coverageSchema":"332fd63041d2c1bcb487cc26dd0d5f7d97098a6c","hash":"cb7e5adebf87cdc03950ca3aaba63ccd580a5019"}
,"C:\\Users\\mokshit.TRN\\Desktop\\y52964jr\\SolarHeater-toTrainee\\Solar_Heater\\src\\components\\AllocateSolar.js": {"path":"C:\\Users\\mokshit.TRN\\Desktop\\y52964jr\\SolarHeater-toTrainee\\Solar_Heater\\src\\components\\AllocateSolar.js","statementMap":{"0":{"start":{"line":5,"column":12},"end":{"line":5,"column":45}},"1":{"start":{"line":9,"column":4},"end":{"line":9,"column":17}},"2":{"start":{"line":10,"column":4},"end":{"line":35,"column":5}},"3":{"start":{"line":43,"column":4},"end":{"line":51,"column":6}},"4":{"start":{"line":44,"column":6},"end":{"line":44,"column":80}},"5":{"start":{"line":46,"column":6},"end":{"line":50,"column":7}},"6":{"start":{"line":47,"column":8},"end":{"line":47,"column":88}},"7":{"start":{"line":49,"column":8},"end":{"line":49,"column":75}},"8":{"start":{"line":56,"column":4},"end":{"line":56,"column":27}},"9":{"start":{"line":57,"column":4},"end":{"line":57,"column":28}},"10":{"start":{"line":66,"column":15},"end":{"line":66,"column":35}},"11":{"start":{"line":67,"column":4},"end":{"line":67,"column":49}},"12":{"start":{"line":68,"column":4},"end":{"line":68,"column":22}},"13":{"start":{"line":69,"column":4},"end":{"line":69,"column":38}},"14":{"start":{"line":70,"column":4},"end":{"line":70,"column":62}},"15":{"start":{"line":75,"column":20},"end":{"line":75,"column":40}},"16":{"start":{"line":76,"column":18},"end":{"line":76,"column":45}},"17":{"start":{"line":77,"column":16},"end":{"line":77,"column":26}},"18":{"start":{"line":78,"column":4},"end":{"line":143,"column":5}},"19":{"start":{"line":79,"column":6},"end":{"line":86,"column":7}},"20":{"start":{"line":80,"column":8},"end":{"line":80,"column":42}},"21":{"start":{"line":81,"column":8},"end":{"line":81,"column":66}},"22":{"start":{"line":84,"column":8},"end":{"line":84,"column":41}},"23":{"start":{"line":85,"column":8},"end":{"line":85,"column":36}},"24":{"start":{"line":88,"column":10},"end":{"line":143,"column":5}},"25":{"start":{"line":89,"column":6},"end":{"line":99,"column":7}},"26":{"start":{"line":90,"column":8},"end":{"line":90,"column":38}},"27":{"start":{"line":91,"column":8},"end":{"line":91,"column":33}},"28":{"start":{"line":93,"column":11},"end":{"line":99,"column":7}},"29":{"start":{"line":94,"column":8},"end":{"line":94,"column":39}},"30":{"start":{"line":95,"column":8},"end":{"line":95,"column":47}},"31":{"start":{"line":97,"column":8},"end":{"line":97,"column":39}},"32":{"start":{"line":98,"column":8},"end":{"line":98,"column":56}},"33":{"start":{"line":101,"column":9},"end":{"line":143,"column":5}},"34":{"start":{"line":102,"column":6},"end":{"line":113,"column":7}},"35":{"start":{"line":103,"column":8},"end":{"line":103,"column":42}},"36":{"start":{"line":104,"column":8},"end":{"line":104,"column":37}},"37":{"start":{"line":106,"column":11},"end":{"line":113,"column":7}},"38":{"start":{"line":107,"column":8},"end":{"line":107,"column":43}},"39":{"start":{"line":108,"column":8},"end":{"line":108,"column":51}},"40":{"start":{"line":111,"column":8},"end":{"line":111,"column":43}},"41":{"start":{"line":112,"column":8},"end":{"line":112,"column":64}},"42":{"start":{"line":116,"column":11},"end":{"line":143,"column":5}},"43":{"start":{"line":117,"column":18},"end":{"line":117,"column":33}},"44":{"start":{"line":118,"column":6},"end":{"line":127,"column":7}},"45":{"start":{"line":119,"column":8},"end":{"line":119,"column":38}},"46":{"start":{"line":120,"column":8},"end":{"line":120,"column":33}},"47":{"start":{"line":121,"column":13},"end":{"line":127,"column":7}},"48":{"start":{"line":122,"column":8},"end":{"line":122,"column":39}},"49":{"start":{"line":123,"column":8},"end":{"line":123,"column":47}},"50":{"start":{"line":125,"column":8},"end":{"line":125,"column":39}},"51":{"start":{"line":126,"column":8},"end":{"line":126,"column":91}},"52":{"start":{"line":131,"column":18},"end":{"line":131,"column":33}},"53":{"start":{"line":132,"column":6},"end":{"line":141,"column":7}},"54":{"start":{"line":133,"column":8},"end":{"line":133,"column":42}},"55":{"start":{"line":134,"column":8},"end":{"line":134,"column":37}},"56":{"start":{"line":135,"column":13},"end":{"line":141,"column":7}},"57":{"start":{"line":136,"column":8},"end":{"line":136,"column":43}},"58":{"start":{"line":137,"column":8},"end":{"line":137,"column":51}},"59":{"start":{"line":139,"column":8},"end":{"line":139,"column":43}},"60":{"start":{"line":140,"column":8},"end":{"line":140,"column":128}},"61":{"start":{"line":144,"column":4},"end":{"line":144,"column":167}},"62":{"start":{"line":145,"column":6},"end":{"line":145,"column":72}},"63":{"start":{"line":150,"column":4},"end":{"line":204,"column":6}}},"fnMap":{"0":{"name":"(anonymous_0)","decl":{"start":{"line":8,"column":2},"end":{"line":8,"column":3}},"loc":{"start":{"line":8,"column":21},"end":{"line":36,"column":3}},"line":8},"1":{"name":"(anonymous_1)","decl":{"start":{"line":38,"column":21},"end":{"line":38,"column":22}},"loc":{"start":{"line":38,"column":27},"end":{"line":52,"column":3}},"line":38},"2":{"name":"(anonymous_2)","decl":{"start":{"line":43,"column":41},"end":{"line":43,"column":42}},"loc":{"start":{"line":43,"column":53},"end":{"line":45,"column":5}},"line":43},"3":{"name":"(anonymous_3)","decl":{"start":{"line":45,"column":13},"end":{"line":45,"column":14}},"loc":{"start":{"line":45,"column":24},"end":{"line":51,"column":5}},"line":45},"4":{"name":"(anonymous_4)","decl":{"start":{"line":54,"column":17},"end":{"line":54,"column":18}},"loc":{"start":{"line":54,"column":28},"end":{"line":59,"column":3}},"line":54},"5":{"name":"(anonymous_5)","decl":{"start":{"line":61,"column":17},"end":{"line":61,"column":18}},"loc":{"start":{"line":61,"column":28},"end":{"line":71,"column":3}},"line":61},"6":{"name":"(anonymous_6)","decl":{"start":{"line":73,"column":18},"end":{"line":73,"column":19}},"loc":{"start":{"line":73,"column":40},"end":{"line":146,"column":3}},"line":73},"7":{"name":"(anonymous_7)","decl":{"start":{"line":149,"column":2},"end":{"line":149,"column":3}},"loc":{"start":{"line":149,"column":11},"end":{"line":205,"column":3}},"line":149}},"branchMap":{"0":{"loc":{"start":{"line":46,"column":6},"end":{"line":50,"column":7}},"type":"if","locations":[{"start":{"line":46,"column":6},"end":{"line":50,"column":7}},{"start":{"line":46,"column":6},"end":{"line":50,"column":7}}],"line":46},"1":{"loc":{"start":{"line":78,"column":4},"end":{"line":143,"column":5}},"type":"if","locations":[{"start":{"line":78,"column":4},"end":{"line":143,"column":5}},{"start":{"line":78,"column":4},"end":{"line":143,"column":5}}],"line":78},"2":{"loc":{"start":{"line":79,"column":6},"end":{"line":86,"column":7}},"type":"if","locations":[{"start":{"line":79,"column":6},"end":{"line":86,"column":7}},{"start":{"line":79,"column":6},"end":{"line":86,"column":7}}],"line":79},"3":{"loc":{"start":{"line":88,"column":10},"end":{"line":143,"column":5}},"type":"if","locations":[{"start":{"line":88,"column":10},"end":{"line":143,"column":5}},{"start":{"line":88,"column":10},"end":{"line":143,"column":5}}],"line":88},"4":{"loc":{"start":{"line":89,"column":6},"end":{"line":99,"column":7}},"type":"if","locations":[{"start":{"line":89,"column":6},"end":{"line":99,"column":7}},{"start":{"line":89,"column":6},"end":{"line":99,"column":7}}],"line":89},"5":{"loc":{"start":{"line":93,"column":11},"end":{"line":99,"column":7}},"type":"if","locations":[{"start":{"line":93,"column":11},"end":{"line":99,"column":7}},{"start":{"line":93,"column":11},"end":{"line":99,"column":7}}],"line":93},"6":{"loc":{"start":{"line":101,"column":9},"end":{"line":143,"column":5}},"type":"if","locations":[{"start":{"line":101,"column":9},"end":{"line":143,"column":5}},{"start":{"line":101,"column":9},"end":{"line":143,"column":5}}],"line":101},"7":{"loc":{"start":{"line":102,"column":6},"end":{"line":113,"column":7}},"type":"if","locations":[{"start":{"line":102,"column":6},"end":{"line":113,"column":7}},{"start":{"line":102,"column":6},"end":{"line":113,"column":7}}],"line":102},"8":{"loc":{"start":{"line":106,"column":11},"end":{"line":113,"column":7}},"type":"if","locations":[{"start":{"line":106,"column":11},"end":{"line":113,"column":7}},{"start":{"line":106,"column":11},"end":{"line":113,"column":7}}],"line":106},"9":{"loc":{"start":{"line":116,"column":11},"end":{"line":143,"column":5}},"type":"if","locations":[{"start":{"line":116,"column":11},"end":{"line":143,"column":5}},{"start":{"line":116,"column":11},"end":{"line":143,"column":5}}],"line":116},"10":{"loc":{"start":{"line":118,"column":6},"end":{"line":127,"column":7}},"type":"if","locations":[{"start":{"line":118,"column":6},"end":{"line":127,"column":7}},{"start":{"line":118,"column":6},"end":{"line":127,"column":7}}],"line":118},"11":{"loc":{"start":{"line":121,"column":13},"end":{"line":127,"column":7}},"type":"if","locations":[{"start":{"line":121,"column":13},"end":{"line":127,"column":7}},{"start":{"line":121,"column":13},"end":{"line":127,"column":7}}],"line":121},"12":{"loc":{"start":{"line":132,"column":6},"end":{"line":141,"column":7}},"type":"if","locations":[{"start":{"line":132,"column":6},"end":{"line":141,"column":7}},{"start":{"line":132,"column":6},"end":{"line":141,"column":7}}],"line":132},"13":{"loc":{"start":{"line":132,"column":10},"end":{"line":132,"column":45}},"type":"binary-expr","locations":[{"start":{"line":132,"column":10},"end":{"line":132,"column":23}},{"start":{"line":132,"column":27},"end":{"line":132,"column":45}}],"line":132},"14":{"loc":{"start":{"line":135,"column":13},"end":{"line":141,"column":7}},"type":"if","locations":[{"start":{"line":135,"column":13},"end":{"line":141,"column":7}},{"start":{"line":135,"column":13},"end":{"line":141,"column":7}}],"line":135},"15":{"loc":{"start":{"line":144,"column":29},"end":{"line":144,"column":166}},"type":"binary-expr","locations":[{"start":{"line":144,"column":29},"end":{"line":144,"column":54}},{"start":{"line":144,"column":58},"end":{"line":144,"column":80}},{"start":{"line":144,"column":84},"end":{"line":144,"column":110}},{"start":{"line":144,"column":114},"end":{"line":144,"column":136}},{"start":{"line":144,"column":140},"end":{"line":144,"column":166}}],"line":144}},"s":{"0":1,"1":8,"2":8,"3":0,"4":0,"5":0,"6":0,"7":0,"8":0,"9":0,"10":0,"11":0,"12":0,"13":0,"14":0,"15":0,"16":0,"17":0,"18":0,"19":0,"20":0,"21":0,"22":0,"23":0,"24":0,"25":0,"26":0,"27":0,"28":0,"29":0,"30":0,"31":0,"32":0,"33":0,"34":0,"35":0,"36":0,"37":0,"38":0,"39":0,"40":0,"41":0,"42":0,"43":0,"44":0,"45":0,"46":0,"47":0,"48":0,"49":0,"50":0,"51":0,"52":0,"53":0,"54":0,"55":0,"56":0,"57":0,"58":0,"59":0,"60":0,"61":0,"62":0,"63":8},"f":{"0":8,"1":0,"2":0,"3":0,"4":0,"5":0,"6":0,"7":8},"b":{"0":[0,0],"1":[0,0],"2":[0,0],"3":[0,0],"4":[0,0],"5":[0,0],"6":[0,0],"7":[0,0],"8":[0,0],"9":[0,0],"10":[0,0],"11":[0,0],"12":[0,0],"13":[0,0],"14":[0,0],"15":[0,0,0,0,0]},"_coverageSchema":"332fd63041d2c1bcb487cc26dd0d5f7d97098a6c","hash":"483e608f33c47c5fea51eff76c3e1c7a6728e1a2"}
,"C:\\Users\\mokshit.TRN\\Desktop\\y52964jr\\SolarHeater-toTrainee\\Solar_Heater\\src\\components\\GetDistributors.js": {"path":"C:\\Users\\mokshit.TRN\\Desktop\\y52964jr\\SolarHeater-toTrainee\\Solar_Heater\\src\\components\\GetDistributors.js","statementMap":{"0":{"start":{"line":5,"column":12},"end":{"line":5,"column":48}},"1":{"start":{"line":9,"column":4},"end":{"line":9,"column":17}},"2":{"start":{"line":10,"column":4},"end":{"line":24,"column":6}},"3":{"start":{"line":28,"column":4},"end":{"line":28,"column":27}},"4":{"start":{"line":29,"column":4},"end":{"line":29,"column":38}},"5":{"start":{"line":33,"column":13},"end":{"line":33,"column":28}},"6":{"start":{"line":34,"column":3},"end":{"line":34,"column":46}},"7":{"start":{"line":35,"column":3},"end":{"line":35,"column":21}},"8":{"start":{"line":36,"column":3},"end":{"line":36,"column":29}},"9":{"start":{"line":37,"column":3},"end":{"line":37,"column":60}},"10":{"start":{"line":41,"column":18},"end":{"line":41,"column":38}},"11":{"start":{"line":42,"column":16},"end":{"line":42,"column":43}},"12":{"start":{"line":43,"column":4},"end":{"line":53,"column":5}},"13":{"start":{"line":44,"column":6},"end":{"line":44,"column":38}},"14":{"start":{"line":45,"column":6},"end":{"line":45,"column":33}},"15":{"start":{"line":47,"column":9},"end":{"line":53,"column":5}},"16":{"start":{"line":48,"column":6},"end":{"line":48,"column":39}},"17":{"start":{"line":49,"column":6},"end":{"line":49,"column":47}},"18":{"start":{"line":51,"column":6},"end":{"line":51,"column":39}},"19":{"start":{"line":52,"column":6},"end":{"line":52,"column":60}},"20":{"start":{"line":54,"column":4},"end":{"line":54,"column":55}},"21":{"start":{"line":55,"column":4},"end":{"line":55,"column":67}},"22":{"start":{"line":59,"column":4},"end":{"line":59,"column":56}},"23":{"start":{"line":60,"column":4},"end":{"line":70,"column":7}},"24":{"start":{"line":61,"column":6},"end":{"line":61,"column":53}},"25":{"start":{"line":62,"column":6},"end":{"line":62,"column":68}},"26":{"start":{"line":64,"column":7},"end":{"line":69,"column":8}},"27":{"start":{"line":65,"column":9},"end":{"line":65,"column":53}},"28":{"start":{"line":66,"column":9},"end":{"line":66,"column":45}},"29":{"start":{"line":68,"column":9},"end":{"line":68,"column":73}},"30":{"start":{"line":74,"column":4},"end":{"line":87,"column":5}},"31":{"start":{"line":75,"column":6},"end":{"line":83,"column":9}},"32":{"start":{"line":80,"column":50},"end":{"line":80,"column":65}},"33":{"start":{"line":86,"column":6},"end":{"line":86,"column":18}},"34":{"start":{"line":88,"column":4},"end":{"line":115,"column":6}}},"fnMap":{"0":{"name":"(anonymous_0)","decl":{"start":{"line":8,"column":2},"end":{"line":8,"column":3}},"loc":{"start":{"line":8,"column":21},"end":{"line":25,"column":3}},"line":8},"1":{"name":"(anonymous_1)","decl":{"start":{"line":27,"column":17},"end":{"line":27,"column":18}},"loc":{"start":{"line":27,"column":28},"end":{"line":30,"column":3}},"line":27},"2":{"name":"(anonymous_2)","decl":{"start":{"line":32,"column":17},"end":{"line":32,"column":18}},"loc":{"start":{"line":32,"column":28},"end":{"line":38,"column":3}},"line":32},"3":{"name":"(anonymous_3)","decl":{"start":{"line":40,"column":18},"end":{"line":40,"column":19}},"loc":{"start":{"line":40,"column":40},"end":{"line":56,"column":3}},"line":40},"4":{"name":"(anonymous_4)","decl":{"start":{"line":58,"column":31},"end":{"line":58,"column":32}},"loc":{"start":{"line":58,"column":37},"end":{"line":71,"column":3}},"line":58},"5":{"name":"(anonymous_5)","decl":{"start":{"line":60,"column":57},"end":{"line":60,"column":58}},"loc":{"start":{"line":60,"column":67},"end":{"line":63,"column":6}},"line":60},"6":{"name":"(anonymous_6)","decl":{"start":{"line":63,"column":14},"end":{"line":63,"column":15}},"loc":{"start":{"line":63,"column":21},"end":{"line":70,"column":6}},"line":63},"7":{"name":"(anonymous_7)","decl":{"start":{"line":73,"column":2},"end":{"line":73,"column":3}},"loc":{"start":{"line":73,"column":11},"end":{"line":116,"column":3}},"line":73},"8":{"name":"(anonymous_8)","decl":{"start":{"line":80,"column":43},"end":{"line":80,"column":44}},"loc":{"start":{"line":80,"column":49},"end":{"line":80,"column":66}},"line":80}},"branchMap":{"0":{"loc":{"start":{"line":43,"column":4},"end":{"line":53,"column":5}},"type":"if","locations":[{"start":{"line":43,"column":4},"end":{"line":53,"column":5}},{"start":{"line":43,"column":4},"end":{"line":53,"column":5}}],"line":43},"1":{"loc":{"start":{"line":47,"column":9},"end":{"line":53,"column":5}},"type":"if","locations":[{"start":{"line":47,"column":9},"end":{"line":53,"column":5}},{"start":{"line":47,"column":9},"end":{"line":53,"column":5}}],"line":47},"2":{"loc":{"start":{"line":64,"column":7},"end":{"line":69,"column":8}},"type":"if","locations":[{"start":{"line":64,"column":7},"end":{"line":69,"column":8}},{"start":{"line":64,"column":7},"end":{"line":69,"column":8}}],"line":64},"3":{"loc":{"start":{"line":74,"column":4},"end":{"line":87,"column":5}},"type":"if","locations":[{"start":{"line":74,"column":4},"end":{"line":87,"column":5}},{"start":{"line":74,"column":4},"end":{"line":87,"column":5}}],"line":74}},"s":{"0":1,"1":5,"2":5,"3":0,"4":0,"5":0,"6":0,"7":0,"8":0,"9":0,"10":0,"11":0,"12":0,"13":0,"14":0,"15":0,"16":0,"17":0,"18":0,"19":0,"20":0,"21":0,"22":0,"23":0,"24":0,"25":0,"26":0,"27":0,"28":0,"29":0,"30":6,"31":0,"32":0,"33":6,"34":6},"f":{"0":5,"1":0,"2":0,"3":0,"4":0,"5":0,"6":0,"7":6,"8":0},"b":{"0":[0,0],"1":[0,0],"2":[0,0],"3":[0,6]},"_coverageSchema":"332fd63041d2c1bcb487cc26dd0d5f7d97098a6c","hash":"e9db609fa0d802d7ae75b275cc6516fe1bbb8e68"}
,"C:\\Users\\mokshit.TRN\\Desktop\\y52964jr\\SolarHeater-toTrainee\\Solar_Heater\\src\\components\\evaluator.js": {"path":"C:\\Users\\mokshit.TRN\\Desktop\\y52964jr\\SolarHeater-toTrainee\\Solar_Heater\\src\\components\\evaluator.js","statementMap":{"0":{"start":{"line":7,"column":8},"end":{"line":7,"column":21}},"1":{"start":{"line":8,"column":8},"end":{"line":11,"column":9}},"2":{"start":{"line":15,"column":8},"end":{"line":15,"column":42}},"3":{"start":{"line":16,"column":8},"end":{"line":24,"column":10}},"4":{"start":{"line":17,"column":12},"end":{"line":17,"column":55}},"5":{"start":{"line":19,"column":12},"end":{"line":23,"column":13}},"6":{"start":{"line":20,"column":16},"end":{"line":20,"column":50}},"7":{"start":{"line":22,"column":16},"end":{"line":22,"column":37}},"8":{"start":{"line":28,"column":25},"end":{"line":28,"column":44}},"9":{"start":{"line":29,"column":27},"end":{"line":29,"column":29}},"10":{"start":{"line":29,"column":40},"end":{"line":29,"column":41}},"11":{"start":{"line":29,"column":57},"end":{"line":29,"column":59}},"12":{"start":{"line":29,"column":74},"end":{"line":29,"column":76}},"13":{"start":{"line":30,"column":8},"end":{"line":53,"column":9}},"14":{"start":{"line":31,"column":12},"end":{"line":48,"column":13}},"15":{"start":{"line":32,"column":30},"end":{"line":32,"column":32}},"16":{"start":{"line":33,"column":16},"end":{"line":41,"column":17}},"17":{"start":{"line":34,"column":20},"end":{"line":34,"column":50}},"18":{"start":{"line":35,"column":20},"end":{"line":35,"column":50}},"19":{"start":{"line":36,"column":20},"end":{"line":36,"column":32}},"20":{"start":{"line":37,"column":23},"end":{"line":41,"column":17}},"21":{"start":{"line":38,"column":20},"end":{"line":38,"column":41}},"22":{"start":{"line":39,"column":20},"end":{"line":39,"column":48}},"23":{"start":{"line":40,"column":20},"end":{"line":40,"column":49}},"24":{"start":{"line":42,"column":31},"end":{"line":45,"column":21}},"25":{"start":{"line":46,"column":16},"end":{"line":46,"column":43}},"26":{"start":{"line":47,"column":16},"end":{"line":47,"column":21}},"27":{"start":{"line":49,"column":12},"end":{"line":49,"column":32}},"28":{"start":{"line":51,"column":12},"end":{"line":51,"column":44}},"29":{"start":{"line":57,"column":8},"end":{"line":59,"column":93}},"30":{"start":{"line":58,"column":34},"end":{"line":58,"column":54}},"31":{"start":{"line":59,"column":28},"end":{"line":59,"column":62}},"32":{"start":{"line":59,"column":63},"end":{"line":59,"column":89}},"33":{"start":{"line":63,"column":8},"end":{"line":63,"column":42}},"34":{"start":{"line":64,"column":8},"end":{"line":68,"column":10}},"35":{"start":{"line":65,"column":12},"end":{"line":65,"column":53}},"36":{"start":{"line":67,"column":12},"end":{"line":67,"column":23}},"37":{"start":{"line":72,"column":8},"end":{"line":146,"column":9}}},"fnMap":{"0":{"name":"(anonymous_0)","decl":{"start":{"line":6,"column":4},"end":{"line":6,"column":5}},"loc":{"start":{"line":6,"column":23},"end":{"line":12,"column":5}},"line":6},"1":{"name":"(anonymous_1)","decl":{"start":{"line":14,"column":14},"end":{"line":14,"column":15}},"loc":{"start":{"line":14,"column":20},"end":{"line":25,"column":5}},"line":14},"2":{"name":"(anonymous_2)","decl":{"start":{"line":16,"column":56},"end":{"line":16,"column":57}},"loc":{"start":{"line":16,"column":68},"end":{"line":18,"column":9}},"line":16},"3":{"name":"(anonymous_3)","decl":{"start":{"line":18,"column":17},"end":{"line":18,"column":18}},"loc":{"start":{"line":18,"column":26},"end":{"line":24,"column":9}},"line":18},"4":{"name":"(anonymous_4)","decl":{"start":{"line":27,"column":22},"end":{"line":27,"column":23}},"loc":{"start":{"line":27,"column":28},"end":{"line":54,"column":5}},"line":27},"5":{"name":"(anonymous_5)","decl":{"start":{"line":56,"column":18},"end":{"line":56,"column":19}},"loc":{"start":{"line":56,"column":24},"end":{"line":60,"column":5}},"line":56},"6":{"name":"(anonymous_6)","decl":{"start":{"line":58,"column":18},"end":{"line":58,"column":19}},"loc":{"start":{"line":58,"column":32},"end":{"line":58,"column":56}},"line":58},"7":{"name":"(anonymous_7)","decl":{"start":{"line":59,"column":19},"end":{"line":59,"column":20}},"loc":{"start":{"line":59,"column":26},"end":{"line":59,"column":91}},"line":59},"8":{"name":"(anonymous_8)","decl":{"start":{"line":62,"column":15},"end":{"line":62,"column":16}},"loc":{"start":{"line":62,"column":21},"end":{"line":69,"column":5}},"line":62},"9":{"name":"(anonymous_9)","decl":{"start":{"line":64,"column":39},"end":{"line":64,"column":40}},"loc":{"start":{"line":64,"column":49},"end":{"line":66,"column":9}},"line":64},"10":{"name":"(anonymous_10)","decl":{"start":{"line":66,"column":17},"end":{"line":66,"column":18}},"loc":{"start":{"line":66,"column":26},"end":{"line":68,"column":9}},"line":66},"11":{"name":"(anonymous_11)","decl":{"start":{"line":71,"column":4},"end":{"line":71,"column":5}},"loc":{"start":{"line":71,"column":13},"end":{"line":147,"column":5}},"line":71}},"branchMap":{"0":{"loc":{"start":{"line":19,"column":12},"end":{"line":23,"column":13}},"type":"if","locations":[{"start":{"line":19,"column":12},"end":{"line":23,"column":13}},{"start":{"line":19,"column":12},"end":{"line":23,"column":13}}],"line":19},"1":{"loc":{"start":{"line":30,"column":8},"end":{"line":53,"column":9}},"type":"if","locations":[{"start":{"line":30,"column":8},"end":{"line":53,"column":9}},{"start":{"line":30,"column":8},"end":{"line":53,"column":9}}],"line":30},"2":{"loc":{"start":{"line":33,"column":16},"end":{"line":41,"column":17}},"type":"if","locations":[{"start":{"line":33,"column":16},"end":{"line":41,"column":17}},{"start":{"line":33,"column":16},"end":{"line":41,"column":17}}],"line":33},"3":{"loc":{"start":{"line":37,"column":23},"end":{"line":41,"column":17}},"type":"if","locations":[{"start":{"line":37,"column":23},"end":{"line":41,"column":17}},{"start":{"line":37,"column":23},"end":{"line":41,"column":17}}],"line":37},"4":{"loc":{"start":{"line":75,"column":17},"end":{"line":82,"column":24}},"type":"cond-expr","locations":[{"start":{"line":76,"column":20},"end":{"line":81,"column":26}},{"start":{"line":82,"column":20},"end":{"line":82,"column":24}}],"line":75},"5":{"loc":{"start":{"line":107,"column":44},"end":{"line":135,"column":49}},"type":"cond-expr","locations":[{"start":{"line":108,"column":48},"end":{"line":125,"column":54}},{"start":{"line":127,"column":52},"end":{"line":134,"column":58}}],"line":107}},"s":{"0":0,"1":0,"2":0,"3":0,"4":0,"5":0,"6":0,"7":0,"8":0,"9":0,"10":0,"11":0,"12":0,"13":0,"14":0,"15":0,"16":0,"17":0,"18":0,"19":0,"20":0,"21":0,"22":0,"23":0,"24":0,"25":0,"26":0,"27":0,"28":0,"29":0,"30":0,"31":0,"32":0,"33":0,"34":0,"35":0,"36":0,"37":0},"f":{"0":0,"1":0,"2":0,"3":0,"4":0,"5":0,"6":0,"7":0,"8":0,"9":0,"10":0,"11":0},"b":{"0":[0,0],"1":[0,0],"2":[0,0],"3":[0,0],"4":[0,0],"5":[0,0]},"_coverageSchema":"332fd63041d2c1bcb487cc26dd0d5f7d97098a6c","hash":"ec8bd1ca919f8569d53cbf81442ddc7ca9bb60c5"}
}
